<?xml version="1.0" encoding="UTF-8"?>
<testng-results ignored="0" total="1" passed="1" failed="0" skipped="0">
  <reporter-output>
  </reporter-output>
  <suite started-at="2022-03-04T12:36:16 IST" name="Default suite" finished-at="2022-03-04T12:36:24 IST" duration-ms="7910">
    <groups>
    </groups>
    <test started-at="2022-03-04T12:36:16 IST" name="Default test" finished-at="2022-03-04T12:36:24 IST" duration-ms="7910">
      <class name="com.mphasis.selenium.SeleniumDemo.TestSeleniumGrid">
        <test-method is-config="true" signature="setUp()[pri:0, instance:com.mphasis.selenium.SeleniumDemo.TestSeleniumGrid@69e1dd28]" started-at="2022-03-04T12:36:16 IST" name="setUp" finished-at="2022-03-04T12:36:19 IST" duration-ms="2900" status="PASS">
          <reporter-output>
          </reporter-output>
        </test-method> <!-- setUp -->
        <test-method signature="f()[pri:0, instance:com.mphasis.selenium.SeleniumDemo.TestSeleniumGrid@69e1dd28]" started-at="2022-03-04T12:36:19 IST" name="f" finished-at="2022-03-04T12:36:24 IST" duration-ms="4810" status="PASS">
          <reporter-output>
          </reporter-output>
        </test-method> <!-- f -->
        <test-method is-config="true" signature="cleanUp()[pri:0, instance:com.mphasis.selenium.SeleniumDemo.TestSeleniumGrid@69e1dd28]" started-at="2022-03-04T12:36:24 IST" name="cleanUp" finished-at="2022-03-04T12:36:24 IST" duration-ms="162" status="PASS">
          <reporter-output>
          </reporter-output>
        </test-method> <!-- cleanUp -->
      </class> <!-- com.mphasis.selenium.SeleniumDemo.TestSeleniumGrid -->
    </test> <!-- Default test -->
  </suite> <!-- Default suite -->
</testng-results>
